
Server Started:Monday, December 19, 2022 6:21 PM Log is 5 hours ahead
Server Started:Monday, December 19, 2022 6:32 PM Log is 5 hours ahead
Server Started:Monday, December 19, 2022 6:33 PM Log is 5 hours ahead
Server Started:Monday, December 19, 2022 7:02 PM Log is 5 hours ahead
Server Started:Monday, December 19, 2022 7:06 PM Log is 5 hours ahead
Server Started:Tuesday, December 20, 2022 5:18 AM Log is 5 hours ahead
Server Started:Tuesday, December 20, 2022 6:34 AM Log is 5 hours ahead
Server Started:Tuesday, December 20, 2022 8:46 AM Log is 5 hours ahead
Server Started:Tuesday, December 20, 2022 6:01 PM Log is 5 hours ahead
Server Started:Tuesday, December 20, 2022 6:02 PM Log is 5 hours ahead
Server Started:Tuesday, December 20, 2022 6:03 PM Log is 5 hours ahead
Server Started:Tuesday, December 20, 2022 6:03 PM Log is 5 hours ahead
Server Started:Tuesday, December 20, 2022 6:04 PM Log is 5 hours ahead
Server Started:Tuesday, December 20, 2022 6:06 PM Log is 5 hours ahead
Server Started:Tuesday, December 20, 2022 6:08 PM Log is 5 hours ahead
Server Started:Tuesday, December 20, 2022 6:11 PM Log is 5 hours ahead
Server Started:Tuesday, December 20, 2022 6:18 PM Log is 5 hours ahead
Server Started:Wednesday, December 21, 2022 3:56 AM Log is 5 hours ahead
Server Started:Wednesday, December 21, 2022 1:05 PM Log is 5 hours ahead
Server Started:Thursday, December 22, 2022 10:42 AM Log is 5 hours ahead
Server Started:Thursday, December 22, 2022 6:17 PM Log is 5 hours ahead
Server Started:Thursday, December 22, 2022 7:01 PM Log is 5 hours ahead
Server Started:Friday, December 23, 2022 9:11 AM Log is 5 hours ahead
Server Started:Friday, December 23, 2022 9:46 AM Log is 5 hours ahead
Server Started:Friday, December 23, 2022 6:26 PM Log is 5 hours ahead
Server Started:Saturday, December 24, 2022 2:14 PM Log is 5 hours ahead
Server Started:Saturday, December 24, 2022 7:54 PM Log is 5 hours ahead
Server Started:Sunday, December 25, 2022 3:54 PM Log is 5 hours ahead
Server Started:Sunday, December 25, 2022 6:19 PM Log is 5 hours ahead
Server Started:Sunday, December 25, 2022 10:29 PM Log is 5 hours ahead
Server Started:Monday, December 26, 2022 2:01 PM Log is 5 hours ahead
Server Started:Tuesday, December 27, 2022 10:16 AM Log is 5 hours ahead
Server Started:Tuesday, December 27, 2022 5:51 PM Log is 5 hours ahead
Server Started:Wednesday, December 28, 2022 1:16 PM Log is 5 hours ahead
Server Started:Wednesday, December 28, 2022 11:05 PM Log is 5 hours ahead
Server Started:Wednesday, December 28, 2022 11:55 PM Log is 5 hours ahead
Server Started:Thursday, December 29, 2022 12:40 AM Log is 5 hours ahead
Server Started:Thursday, December 29, 2022 5:11 AM Log is 5 hours ahead
Server Started:Thursday, December 29, 2022 8:41 PM Log is 5 hours ahead
Server Started:Friday, December 30, 2022 12:41 AM Log is 5 hours ahead
Server Started:Friday, December 30, 2022 1:56 AM Log is 5 hours ahead
Server Started:Friday, December 30, 2022 9:06 AM Log is 5 hours ahead
Server Started:Friday, December 30, 2022 7:37 PM Log is 5 hours ahead
Server Started:Saturday, December 31, 2022 4:28 AM Log is 5 hours ahead
Server Started:Saturday, December 31, 2022 2:22 PM Log is 5 hours ahead
Server Started:Saturday, December 31, 2022 3:18 PM Log is 5 hours ahead
Server Started:Saturday, December 31, 2022 9:25 PM Log is 5 hours ahead
Server Started:Sunday, January 1, 2023 1:15 AM Log is 5 hours ahead
Server Started:Sunday, January 1, 2023 5:00 AM Log is 5 hours ahead
Server Started:Sunday, January 1, 2023 5:20 AM Log is 5 hours ahead
Server Started:Sunday, January 1, 2023 1:05 PM Log is 5 hours ahead
Server Started:Sunday, January 1, 2023 2:26 PM Log is 5 hours ahead
Server Started:Sunday, January 1, 2023 5:35 PM Log is 5 hours ahead
Server Started:Monday, January 2, 2023 7:22 AM Log is 5 hours ahead
Server Started:Monday, January 2, 2023 10:37 AM Log is 5 hours ahead
Server Started:Tuesday, January 3, 2023 10:17 AM Log is 5 hours ahead
Server Started:Wednesday, January 4, 2023 12:07 AM Log is 5 hours ahead
Server Started:Wednesday, January 4, 2023 3:12 AM Log is 5 hours ahead
Server Started:Wednesday, January 4, 2023 6:52 AM Log is 5 hours ahead
Server Started:Wednesday, January 4, 2023 9:07 AM Log is 5 hours ahead
Server Started:Wednesday, January 4, 2023 3:53 PM Log is 5 hours ahead
Server Started:Wednesday, January 4, 2023 6:13 PM Log is 5 hours ahead
Server Started:Wednesday, January 4, 2023 6:13 PM Log is 5 hours ahead
Server Started:Wednesday, January 4, 2023 6:13 PM Log is 5 hours ahead
Server Started:Wednesday, January 4, 2023 6:14 PM Log is 5 hours ahead
Server Started:Wednesday, January 4, 2023 6:14 PM Log is 5 hours ahead
Server Started:Wednesday, January 4, 2023 6:14 PM Log is 5 hours ahead
Server Started:Wednesday, January 4, 2023 6:14 PM Log is 5 hours ahead
Server Started:Wednesday, January 4, 2023 6:15 PM Log is 5 hours ahead
Server Started:Wednesday, January 4, 2023 6:15 PM Log is 5 hours ahead
Server Started:Wednesday, January 4, 2023 6:18 PM Log is 5 hours ahead
Server Started:Wednesday, January 4, 2023 6:19 PM Log is 5 hours ahead
Server Started:Wednesday, January 4, 2023 10:49 PM Log is 5 hours ahead
Server Started:Thursday, January 5, 2023 4:39 AM Log is 5 hours ahead
Server Started:Thursday, January 5, 2023 1:38 PM Log is 5 hours ahead